2025-08-15 00:03:26,440 - __main__ - INFO - Starting discovery process (scan_id: discovery_20250815_000326)
2025-08-15 00:03:26,440 - __main__ - INFO - Initial state: {'discovered': 651, 'implemented': 7, 'unimplemented': 644, 'total_scans': 651, 'last_scan': '2025-08-15T04:00:28.063064+00:00'}
2025-08-15 00:03:26,440 - __main__ - INFO - Using sample pages for discovery
2025-08-15 00:03:26,440 - scanner.module_scanner - INFO - Starting scan of 10 pages (scan_id: discovery_20250815_000326)
2025-08-15 00:03:26,440 - scanner.module_scanner - INFO - Scanning page 1/10: Exchange:Abyssal_whip
2025-08-15 00:03:26,440 - scanner.module_scanner - INFO - Scanning page: https://oldschool.runescape.wiki/w/Exchange:Abyssal_whip?useformat=mobile
2025-08-15 00:03:30,764 - scanner.module_scanner - INFO - Extracted 41 modules from Exchange:Abyssal_whip
2025-08-15 00:03:31,790 - scanner.module_scanner - INFO - Scanning page 2/10: Attack
2025-08-15 00:03:31,790 - scanner.module_scanner - INFO - Scanning page: https://oldschool.runescape.wiki/w/Attack?useformat=mobile
2025-08-15 00:03:35,276 - scanner.module_scanner - INFO - Extracted 43 modules from Attack
2025-08-15 00:03:36,300 - scanner.module_scanner - INFO - Scanning page 3/10: Barrows
2025-08-15 00:03:36,301 - scanner.module_scanner - INFO - Scanning page: https://oldschool.runescape.wiki/w/Barrows?useformat=mobile
2025-08-15 00:03:39,894 - scanner.module_scanner - INFO - Extracted 45 modules from Barrows
2025-08-15 00:03:40,917 - scanner.module_scanner - INFO - Scanning page 4/10: Giant_Mole
2025-08-15 00:03:40,918 - scanner.module_scanner - INFO - Scanning page: https://oldschool.runescape.wiki/w/Giant_Mole?useformat=mobile
2025-08-15 00:03:44,442 - scanner.module_scanner - INFO - Extracted 46 modules from Giant_Mole
2025-08-15 00:03:45,468 - scanner.module_scanner - INFO - Scanning page 5/10: Dragon_scimitar
2025-08-15 00:03:45,468 - scanner.module_scanner - INFO - Scanning page: https://oldschool.runescape.wiki/w/Dragon_scimitar?useformat=mobile
2025-08-15 00:03:49,327 - scanner.module_scanner - INFO - Extracted 44 modules from Dragon_scimitar
2025-08-15 00:03:50,351 - scanner.module_scanner - INFO - Scanning page 6/10: Wintertodt
2025-08-15 00:03:50,351 - scanner.module_scanner - INFO - Scanning page: https://oldschool.runescape.wiki/w/Wintertodt?useformat=mobile
2025-08-15 00:03:53,857 - scanner.module_scanner - INFO - Extracted 47 modules from Wintertodt
2025-08-15 00:03:54,879 - scanner.module_scanner - INFO - Scanning page 7/10: Calculator:Smithing
2025-08-15 00:03:54,880 - scanner.module_scanner - INFO - Scanning page: https://oldschool.runescape.wiki/w/Calculator:Smithing?useformat=mobile
2025-08-15 00:03:58,364 - scanner.module_scanner - INFO - Extracted 41 modules from Calculator:Smithing
2025-08-15 00:03:59,387 - scanner.module_scanner - INFO - Scanning page 8/10: Combat
2025-08-15 00:03:59,388 - scanner.module_scanner - INFO - Scanning page: https://oldschool.runescape.wiki/w/Combat?useformat=mobile
2025-08-15 00:04:02,846 - scanner.module_scanner - INFO - Extracted 42 modules from Combat
2025-08-15 00:04:03,869 - scanner.module_scanner - INFO - Scanning page 9/10: Grand_Exchange
2025-08-15 00:04:03,869 - scanner.module_scanner - INFO - Scanning page: https://oldschool.runescape.wiki/w/Grand_Exchange?useformat=mobile
2025-08-15 00:04:07,415 - scanner.module_scanner - INFO - Extracted 46 modules from Grand_Exchange
2025-08-15 00:04:08,436 - scanner.module_scanner - INFO - Scanning page 10/10: Ironman_Mode
2025-08-15 00:04:08,436 - scanner.module_scanner - INFO - Scanning page: https://oldschool.runescape.wiki/w/Ironman_Mode?useformat=mobile
2025-08-15 00:04:11,888 - scanner.module_scanner - INFO - Extracted 44 modules from Ironman_Mode
2025-08-15 00:04:12,912 - scanner.module_scanner - INFO - Scan complete: 10/10 pages successful
2025-08-15 00:04:12,913 - __main__ - INFO - Processing 48 unique modules
2025-08-15 00:04:12,918 - __main__ - INFO - Updating unimplemented module priorities
2025-08-15 00:04:12,919 - __main__ - INFO - Validating data integrity
2025-08-15 00:04:12,919 - __main__ - INFO - Validation passed
2025-08-15 00:04:12,920 - __main__ - INFO - Saving updated masterlists
2025-08-15 00:04:12,939 - core.masterlist_manager - INFO - Saved masterlists: 654 discovered, 7 implemented, 647 unimplemented
2025-08-15 00:04:12,939 - __main__ - INFO - Final state: {'discovered': 654, 'implemented': 7, 'unimplemented': 647, 'total_scans': 1090, 'last_scan': '2025-08-15T04:04:12.918184+00:00'}
2025-08-15 00:04:12,939 - __main__ - INFO - Discovery process complete
2025-08-15 00:04:12,939 - __main__ - INFO - Summary: {'scan_id': 'discovery_20250815_000326', 'timestamp': '2025-08-15T00:04:12.939573', 'pages_scanned': 10, 'successful_scans': 10, 'modules_processed': 48, 'new_modules_discovered': 3, 'initial_stats': {'discovered': 651, 'implemented': 7, 'unimplemented': 644, 'total_scans': 651, 'last_scan': '2025-08-15T04:00:28.063064+00:00'}, 'final_stats': {'discovered': 654, 'implemented': 7, 'unimplemented': 647, 'total_scans': 1090, 'last_scan': '2025-08-15T04:04:12.918184+00:00'}, 'top_unimplemented': [{'module_name': 'site', 'priority_score': 121, 'frequency_seen': 11, 'pages_count': 11, 'complexity': 'low'}, {'module_name': 'mediawiki.page.ready', 'priority_score': 121, 'frequency_seen': 11, 'pages_count': 11, 'complexity': 'low'}, {'module_name': 'ext.gadget.rsw-util', 'priority_score': 121, 'frequency_seen': 11, 'pages_count': 11, 'complexity': 'low'}, {'module_name': 'ext.gadget.exchangePages', 'priority_score': 121, 'frequency_seen': 11, 'pages_count': 11, 'complexity': 'low'}, {'module_name': 'ext.gadget.highlightTable', 'priority_score': 121, 'frequency_seen': 11, 'pages_count': 11, 'complexity': 'low'}]}
